*** Starting uWSGI 2.0.20 (64bit) on [Wed Sep  7 01:24:08 2022] ***
compiled with version: 10.2.1 20210110 on 06 September 2022 15:33:21
os: Linux-5.10.104-linuxkit #1 SMP Thu Mar 17 17:08:06 UTC 2022
nodename: back
machine: x86_64
clock source: unix
pcre jit disabled
detected number of CPU cores: 2
current working directory: /opt/app
detected binary path: /usr/local/bin/uwsgi
uWSGI running as root, you can use --uid/--gid/--chroot options
*** WARNING: you are running uWSGI as root !!! (use the --uid flag) *** 
your memory page size is 4096 bytes
detected max file descriptor number: 1048576
lock engine: pthread robust mutexes
thunder lock: disabled (you can enable it with --thunder-lock)
uwsgi socket 0 bound to TCP address :8001 fd 3
uWSGI running as root, you can use --uid/--gid/--chroot options
*** WARNING: you are running uWSGI as root !!! (use the --uid flag) *** 
Python version: 3.10.6 (main, Aug 23 2022, 08:25:41) [GCC 10.2.1 20210110]
Python main interpreter initialized at 0x5595a2b2cdd0
uWSGI running as root, you can use --uid/--gid/--chroot options
*** WARNING: you are running uWSGI as root !!! (use the --uid flag) *** 
python threads support enabled
your server socket listen backlog is limited to 100 connections
your mercy for graceful operations on workers is 60 seconds
mapped 218760 bytes (213 KB) for 2 cores
*** Operational MODE: preforking ***
*** no app loaded. going in full dynamic mode ***
uWSGI running as root, you can use --uid/--gid/--chroot options
*** WARNING: you are running uWSGI as root !!! (use the --uid flag) *** 
*** uWSGI is running in multiple interpreter mode ***
spawned uWSGI master process (pid: 1)
spawned uWSGI worker 1 (pid: 7, cores: 1)
spawned uWSGI worker 2 (pid: 8, cores: 1)
Python auto-reloader enabled
...brutally killing workers...
worker 1 buried after 1 seconds
worker 2 buried after 1 seconds
binary reloading uWSGI...
chdir() to /opt/app
closing all non-uwsgi socket fds > 2 (max_fd = 1048576)...
found fd 3 mapped to socket 0 (:8001)
running /usr/local/bin/uwsgi
*** Starting uWSGI 2.0.20 (64bit) on [Wed Sep  7 01:47:58 2022] ***
compiled with version: 10.2.1 20210110 on 06 September 2022 16:46:16
os: Linux-5.10.104-linuxkit #1 SMP Thu Mar 17 17:08:06 UTC 2022
nodename: back
machine: x86_64
clock source: unix
pcre jit disabled
detected number of CPU cores: 2
current working directory: /opt/app
detected binary path: /usr/local/bin/uwsgi
uWSGI running as root, you can use --uid/--gid/--chroot options
*** WARNING: you are running uWSGI as root !!! (use the --uid flag) *** 
your memory page size is 4096 bytes
detected max file descriptor number: 1048576
lock engine: pthread robust mutexes
thunder lock: disabled (you can enable it with --thunder-lock)
uwsgi socket 0 bound to TCP address :8001 fd 3
uWSGI running as root, you can use --uid/--gid/--chroot options
*** WARNING: you are running uWSGI as root !!! (use the --uid flag) *** 
Python version: 3.10.6 (main, Aug 23 2022, 08:25:41) [GCC 10.2.1 20210110]
Python main interpreter initialized at 0x5631f7390dd0
uWSGI running as root, you can use --uid/--gid/--chroot options
*** WARNING: you are running uWSGI as root !!! (use the --uid flag) *** 
python threads support enabled
your server socket listen backlog is limited to 100 connections
your mercy for graceful operations on workers is 60 seconds
mapped 218760 bytes (213 KB) for 2 cores
*** Operational MODE: preforking ***
*** no app loaded. going in full dynamic mode ***
uWSGI running as root, you can use --uid/--gid/--chroot options
*** WARNING: you are running uWSGI as root !!! (use the --uid flag) *** 
*** uWSGI is running in multiple interpreter mode ***
spawned uWSGI master process (pid: 1)
spawned uWSGI worker 1 (pid: 7, cores: 1)
spawned uWSGI worker 2 (pid: 8, cores: 1)
Python auto-reloader enabled
--- no python application found, check your startup logs for errors ---
[pid: 8|app: -1|req: -1/1] 172.18.0.1 () {58 vars in 1126 bytes} [Wed Sep  7 01:48:09 2022] GET / => generated 21 bytes in 17 msecs (HTTP/1.1 500) 2 headers in 83 bytes (0 switches on core 0)
--- no python application found, check your startup logs for errors ---
[pid: 8|app: -1|req: -1/2] 172.18.0.1 () {58 vars in 1126 bytes} [Wed Sep  7 01:48:09 2022] GET / => generated 21 bytes in 1 msecs (HTTP/1.1 500) 2 headers in 83 bytes (0 switches on core 0)
--- no python application found, check your startup logs for errors ---
[pid: 7|app: -1|req: -1/3] 172.18.0.1 () {58 vars in 1126 bytes} [Wed Sep  7 01:48:10 2022] GET / => generated 21 bytes in 1 msecs (HTTP/1.1 500) 2 headers in 83 bytes (0 switches on core 0)
--- no python application found, check your startup logs for errors ---
[pid: 7|app: -1|req: -1/4] 172.18.0.1 () {58 vars in 1126 bytes} [Wed Sep  7 01:48:10 2022] GET / => generated 21 bytes in 1 msecs (HTTP/1.1 500) 2 headers in 83 bytes (0 switches on core 0)
--- no python application found, check your startup logs for errors ---
[pid: 8|app: -1|req: -1/5] 172.18.0.1 () {58 vars in 1126 bytes} [Wed Sep  7 01:48:10 2022] GET / => generated 21 bytes in 1 msecs (HTTP/1.1 500) 2 headers in 83 bytes (0 switches on core 0)
--- no python application found, check your startup logs for errors ---
[pid: 7|app: -1|req: -1/6] 172.18.0.1 () {58 vars in 1126 bytes} [Wed Sep  7 01:48:10 2022] GET / => generated 21 bytes in 1 msecs (HTTP/1.1 500) 2 headers in 83 bytes (0 switches on core 0)
--- no python application found, check your startup logs for errors ---
[pid: 8|app: -1|req: -1/7] 172.18.0.1 () {58 vars in 1126 bytes} [Wed Sep  7 01:48:11 2022] GET / => generated 21 bytes in 1 msecs (HTTP/1.1 500) 2 headers in 83 bytes (0 switches on core 0)
--- no python application found, check your startup logs for errors ---
[pid: 8|app: -1|req: -1/8] 172.18.0.1 () {58 vars in 1126 bytes} [Wed Sep  7 01:48:21 2022] GET / => generated 21 bytes in 25 msecs (HTTP/1.1 500) 2 headers in 83 bytes (0 switches on core 0)
--- no python application found, check your startup logs for errors ---
[pid: 8|app: -1|req: -1/9] 172.18.0.1 () {58 vars in 1126 bytes} [Wed Sep  7 01:51:04 2022] GET / => generated 21 bytes in 4 msecs (HTTP/1.1 500) 2 headers in 83 bytes (0 switches on core 0)
--- no python application found, check your startup logs for errors ---
[pid: 7|app: -1|req: -1/10] 172.18.0.1 () {58 vars in 1126 bytes} [Wed Sep  7 01:51:05 2022] GET / => generated 21 bytes in 6 msecs (HTTP/1.1 500) 2 headers in 83 bytes (0 switches on core 0)
--- no python application found, check your startup logs for errors ---
[pid: 7|app: -1|req: -1/11] 172.18.0.1 () {58 vars in 1126 bytes} [Wed Sep  7 01:51:05 2022] GET / => generated 21 bytes in 0 msecs (HTTP/1.1 500) 2 headers in 83 bytes (0 switches on core 0)
--- no python application found, check your startup logs for errors ---
[pid: 7|app: -1|req: -1/12] 172.18.0.1 () {58 vars in 1126 bytes} [Wed Sep  7 01:51:05 2022] GET / => generated 21 bytes in 1 msecs (HTTP/1.1 500) 2 headers in 83 bytes (0 switches on core 0)
--- no python application found, check your startup logs for errors ---
[pid: 7|app: -1|req: -1/13] 172.18.0.1 () {58 vars in 1126 bytes} [Wed Sep  7 01:51:06 2022] GET / => generated 21 bytes in 0 msecs (HTTP/1.1 500) 2 headers in 83 bytes (0 switches on core 0)
--- no python application found, check your startup logs for errors ---
[pid: 8|app: -1|req: -1/14] 172.18.0.1 () {58 vars in 1126 bytes} [Wed Sep  7 01:55:10 2022] GET / => generated 21 bytes in 4 msecs (HTTP/1.1 500) 2 headers in 83 bytes (0 switches on core 0)
--- no python application found, check your startup logs for errors ---
[pid: 7|app: -1|req: -1/15] 172.18.0.1 () {58 vars in 1126 bytes} [Wed Sep  7 01:55:11 2022] GET / => generated 21 bytes in 1 msecs (HTTP/1.1 500) 2 headers in 83 bytes (0 switches on core 0)
--- no python application found, check your startup logs for errors ---
[pid: 8|app: -1|req: -1/16] 172.18.0.1 () {58 vars in 1126 bytes} [Wed Sep  7 02:01:09 2022] GET / => generated 21 bytes in 5 msecs (HTTP/1.1 500) 2 headers in 83 bytes (0 switches on core 0)
--- no python application found, check your startup logs for errors ---
[pid: 7|app: -1|req: -1/17] 172.18.0.1 () {58 vars in 1126 bytes} [Wed Sep  7 02:01:09 2022] GET / => generated 21 bytes in 1 msecs (HTTP/1.1 500) 2 headers in 83 bytes (0 switches on core 0)
--- no python application found, check your startup logs for errors ---
[pid: 7|app: -1|req: -1/18] 172.18.0.1 () {58 vars in 1126 bytes} [Wed Sep  7 02:01:09 2022] GET / => generated 21 bytes in 1 msecs (HTTP/1.1 500) 2 headers in 83 bytes (0 switches on core 0)
--- no python application found, check your startup logs for errors ---
[pid: 8|app: -1|req: -1/19] 172.18.0.1 () {58 vars in 1126 bytes} [Wed Sep  7 02:02:10 2022] GET / => generated 21 bytes in 7 msecs (HTTP/1.1 500) 2 headers in 83 bytes (0 switches on core 0)
--- no python application found, check your startup logs for errors ---
[pid: 8|app: -1|req: -1/20] 172.18.0.1 () {58 vars in 1126 bytes} [Wed Sep  7 02:02:11 2022] GET / => generated 21 bytes in 4 msecs (HTTP/1.1 500) 2 headers in 83 bytes (0 switches on core 0)
--- no python application found, check your startup logs for errors ---
[pid: 8|app: -1|req: -1/21] 172.18.0.1 () {58 vars in 1126 bytes} [Wed Sep  7 02:02:11 2022] GET / => generated 21 bytes in 1 msecs (HTTP/1.1 500) 2 headers in 83 bytes (0 switches on core 0)
--- no python application found, check your startup logs for errors ---
[pid: 8|app: -1|req: -1/22] 172.18.0.1 () {58 vars in 1126 bytes} [Wed Sep  7 02:02:11 2022] GET / => generated 21 bytes in 1 msecs (HTTP/1.1 500) 2 headers in 83 bytes (0 switches on core 0)
--- no python application found, check your startup logs for errors ---
[pid: 7|app: -1|req: -1/23] 172.18.0.1 () {54 vars in 994 bytes} [Wed Sep  7 02:02:44 2022] GET / => generated 21 bytes in 22 msecs (HTTP/1.1 500) 2 headers in 83 bytes (0 switches on core 0)
--- no python application found, check your startup logs for errors ---
[pid: 8|app: -1|req: -1/24] 172.18.0.1 () {52 vars in 926 bytes} [Wed Sep  7 02:02:44 2022] GET /favicon.ico => generated 21 bytes in 1 msecs (HTTP/1.1 500) 2 headers in 83 bytes (0 switches on core 0)
--- no python application found, check your startup logs for errors ---
[pid: 8|app: -1|req: -1/25] 172.18.0.1 () {56 vars in 1025 bytes} [Wed Sep  7 21:31:35 2022] GET / => generated 21 bytes in 18 msecs (HTTP/1.1 500) 2 headers in 83 bytes (0 switches on core 0)
--- no python application found, check your startup logs for errors ---
[pid: 7|app: -1|req: -1/26] 172.18.0.1 () {52 vars in 926 bytes} [Wed Sep  7 21:31:35 2022] GET /favicon.ico => generated 21 bytes in 3 msecs (HTTP/1.1 500) 2 headers in 83 bytes (0 switches on core 0)
--- no python application found, check your startup logs for errors ---
[pid: 7|app: -1|req: -1/27] 172.18.0.1 () {56 vars in 1025 bytes} [Wed Sep  7 21:31:38 2022] GET / => generated 21 bytes in 1 msecs (HTTP/1.1 500) 2 headers in 83 bytes (0 switches on core 0)
--- no python application found, check your startup logs for errors ---
[pid: 7|app: -1|req: -1/28] 172.18.0.1 () {52 vars in 926 bytes} [Wed Sep  7 21:31:38 2022] GET /favicon.ico => generated 21 bytes in 0 msecs (HTTP/1.1 500) 2 headers in 83 bytes (0 switches on core 0)
--- no python application found, check your startup logs for errors ---
[pid: 8|app: -1|req: -1/29] 172.18.0.1 () {56 vars in 1025 bytes} [Wed Sep  7 21:35:04 2022] GET / => generated 21 bytes in 1 msecs (HTTP/1.1 500) 2 headers in 83 bytes (0 switches on core 0)
--- no python application found, check your startup logs for errors ---
[pid: 8|app: -1|req: -1/30] 172.18.0.1 () {52 vars in 926 bytes} [Wed Sep  7 21:35:04 2022] GET /favicon.ico => generated 21 bytes in 2 msecs (HTTP/1.1 500) 2 headers in 83 bytes (0 switches on core 0)
--- no python application found, check your startup logs for errors ---
[pid: 8|app: -1|req: -1/31] 172.18.0.1 () {56 vars in 1025 bytes} [Wed Sep  7 21:35:05 2022] GET / => generated 21 bytes in 1 msecs (HTTP/1.1 500) 2 headers in 83 bytes (0 switches on core 0)
--- no python application found, check your startup logs for errors ---
[pid: 8|app: -1|req: -1/32] 172.18.0.1 () {52 vars in 926 bytes} [Wed Sep  7 21:35:05 2022] GET /favicon.ico => generated 21 bytes in 0 msecs (HTTP/1.1 500) 2 headers in 83 bytes (0 switches on core 0)
--- no python application found, check your startup logs for errors ---
[pid: 7|app: -1|req: -1/33] 172.18.0.1 () {56 vars in 1025 bytes} [Wed Sep  7 21:35:05 2022] GET / => generated 21 bytes in 1 msecs (HTTP/1.1 500) 2 headers in 83 bytes (0 switches on core 0)
--- no python application found, check your startup logs for errors ---
[pid: 8|app: -1|req: -1/34] 172.18.0.1 () {52 vars in 926 bytes} [Wed Sep  7 21:35:05 2022] GET /favicon.ico => generated 21 bytes in 0 msecs (HTTP/1.1 500) 2 headers in 83 bytes (0 switches on core 0)
--- no python application found, check your startup logs for errors ---
[pid: 8|app: -1|req: -1/35] 172.18.0.1 () {56 vars in 1025 bytes} [Wed Sep  7 21:35:05 2022] GET / => generated 21 bytes in 1 msecs (HTTP/1.1 500) 2 headers in 83 bytes (0 switches on core 0)
--- no python application found, check your startup logs for errors ---
[pid: 7|app: -1|req: -1/36] 172.18.0.1 () {52 vars in 926 bytes} [Wed Sep  7 21:35:05 2022] GET /favicon.ico => generated 21 bytes in 1 msecs (HTTP/1.1 500) 2 headers in 83 bytes (0 switches on core 0)
--- no python application found, check your startup logs for errors ---
[pid: 8|app: -1|req: -1/37] 172.18.0.1 () {56 vars in 1025 bytes} [Wed Sep  7 21:35:05 2022] GET / => generated 21 bytes in 0 msecs (HTTP/1.1 500) 2 headers in 83 bytes (0 switches on core 0)
--- no python application found, check your startup logs for errors ---
[pid: 7|app: -1|req: -1/38] 172.18.0.1 () {52 vars in 926 bytes} [Wed Sep  7 21:35:05 2022] GET /favicon.ico => generated 21 bytes in 0 msecs (HTTP/1.1 500) 2 headers in 83 bytes (0 switches on core 0)
--- no python application found, check your startup logs for errors ---
[pid: 8|app: -1|req: -1/39] 172.18.0.1 () {56 vars in 1025 bytes} [Wed Sep  7 21:35:06 2022] GET / => generated 21 bytes in 0 msecs (HTTP/1.1 500) 2 headers in 83 bytes (0 switches on core 0)
--- no python application found, check your startup logs for errors ---
[pid: 7|app: -1|req: -1/40] 172.18.0.1 () {52 vars in 926 bytes} [Wed Sep  7 21:35:06 2022] GET /favicon.ico => generated 21 bytes in 1 msecs (HTTP/1.1 500) 2 headers in 83 bytes (0 switches on core 0)
--- no python application found, check your startup logs for errors ---
[pid: 7|app: -1|req: -1/41] 172.18.0.1 () {56 vars in 1025 bytes} [Wed Sep  7 21:35:06 2022] GET / => generated 21 bytes in 2 msecs (HTTP/1.1 500) 2 headers in 83 bytes (0 switches on core 0)
--- no python application found, check your startup logs for errors ---
[pid: 7|app: -1|req: -1/42] 172.18.0.1 () {52 vars in 926 bytes} [Wed Sep  7 21:35:06 2022] GET /favicon.ico => generated 21 bytes in 1 msecs (HTTP/1.1 500) 2 headers in 83 bytes (0 switches on core 0)
--- no python application found, check your startup logs for errors ---
[pid: 8|app: -1|req: -1/43] 172.18.0.1 () {56 vars in 1025 bytes} [Wed Sep  7 21:35:06 2022] GET / => generated 21 bytes in 1 msecs (HTTP/1.1 500) 2 headers in 83 bytes (0 switches on core 0)
--- no python application found, check your startup logs for errors ---
[pid: 7|app: -1|req: -1/44] 172.18.0.1 () {52 vars in 926 bytes} [Wed Sep  7 21:35:06 2022] GET /favicon.ico => generated 21 bytes in 0 msecs (HTTP/1.1 500) 2 headers in 83 bytes (0 switches on core 0)
--- no python application found, check your startup logs for errors ---
[pid: 8|app: -1|req: -1/45] 172.18.0.1 () {56 vars in 1025 bytes} [Wed Sep  7 21:50:24 2022] GET / => generated 21 bytes in 1 msecs (HTTP/1.1 500) 2 headers in 83 bytes (0 switches on core 0)
--- no python application found, check your startup logs for errors ---
[pid: 7|app: -1|req: -1/46] 172.18.0.1 () {52 vars in 926 bytes} [Wed Sep  7 21:50:24 2022] GET /favicon.ico => generated 21 bytes in 0 msecs (HTTP/1.1 500) 2 headers in 83 bytes (0 switches on core 0)
--- no python application found, check your startup logs for errors ---
[pid: 8|app: -1|req: -1/47] 172.18.0.1 () {56 vars in 1025 bytes} [Wed Sep  7 21:50:25 2022] GET / => generated 21 bytes in 1 msecs (HTTP/1.1 500) 2 headers in 83 bytes (0 switches on core 0)
--- no python application found, check your startup logs for errors ---
[pid: 7|app: -1|req: -1/48] 172.18.0.1 () {52 vars in 926 bytes} [Wed Sep  7 21:50:25 2022] GET /favicon.ico => generated 21 bytes in 1 msecs (HTTP/1.1 500) 2 headers in 83 bytes (0 switches on core 0)
--- no python application found, check your startup logs for errors ---
[pid: 7|app: -1|req: -1/49] 172.18.0.1 () {56 vars in 1025 bytes} [Wed Sep  7 21:50:25 2022] GET / => generated 21 bytes in 1 msecs (HTTP/1.1 500) 2 headers in 83 bytes (0 switches on core 0)
--- no python application found, check your startup logs for errors ---
[pid: 7|app: -1|req: -1/50] 172.18.0.1 () {52 vars in 926 bytes} [Wed Sep  7 21:50:25 2022] GET /favicon.ico => generated 21 bytes in 0 msecs (HTTP/1.1 500) 2 headers in 83 bytes (0 switches on core 0)
--- no python application found, check your startup logs for errors ---
[pid: 7|app: -1|req: -1/51] 172.18.0.1 () {56 vars in 1025 bytes} [Wed Sep  7 21:50:25 2022] GET / => generated 21 bytes in 1 msecs (HTTP/1.1 500) 2 headers in 83 bytes (0 switches on core 0)
--- no python application found, check your startup logs for errors ---
[pid: 8|app: -1|req: -1/52] 172.18.0.1 () {52 vars in 926 bytes} [Wed Sep  7 21:50:25 2022] GET /favicon.ico => generated 21 bytes in 0 msecs (HTTP/1.1 500) 2 headers in 83 bytes (0 switches on core 0)
--- no python application found, check your startup logs for errors ---
[pid: 7|app: -1|req: -1/53] 172.18.0.1 () {56 vars in 1025 bytes} [Wed Sep  7 21:50:25 2022] GET / => generated 21 bytes in 1 msecs (HTTP/1.1 500) 2 headers in 83 bytes (0 switches on core 0)
--- no python application found, check your startup logs for errors ---
[pid: 8|app: -1|req: -1/54] 172.18.0.1 () {52 vars in 926 bytes} [Wed Sep  7 21:50:25 2022] GET /favicon.ico => generated 21 bytes in 0 msecs (HTTP/1.1 500) 2 headers in 83 bytes (0 switches on core 0)
--- no python application found, check your startup logs for errors ---
[pid: 8|app: -1|req: -1/55] 172.18.0.1 () {56 vars in 1025 bytes} [Wed Sep  7 21:50:25 2022] GET / => generated 21 bytes in 1 msecs (HTTP/1.1 500) 2 headers in 83 bytes (0 switches on core 0)
--- no python application found, check your startup logs for errors ---
[pid: 8|app: -1|req: -1/56] 172.18.0.1 () {52 vars in 926 bytes} [Wed Sep  7 21:50:26 2022] GET /favicon.ico => generated 21 bytes in 1 msecs (HTTP/1.1 500) 2 headers in 83 bytes (0 switches on core 0)
--- no python application found, check your startup logs for errors ---
[pid: 8|app: -1|req: -1/57] 172.18.0.1 () {56 vars in 1025 bytes} [Wed Sep  7 21:50:26 2022] GET / => generated 21 bytes in 0 msecs (HTTP/1.1 500) 2 headers in 83 bytes (0 switches on core 0)
--- no python application found, check your startup logs for errors ---
[pid: 8|app: -1|req: -1/58] 172.18.0.1 () {52 vars in 926 bytes} [Wed Sep  7 21:50:26 2022] GET /favicon.ico => generated 21 bytes in 0 msecs (HTTP/1.1 500) 2 headers in 83 bytes (0 switches on core 0)
...brutally killing workers...
worker 1 buried after 1 seconds
worker 2 buried after 1 seconds
binary reloading uWSGI...
chdir() to /opt/app
closing all non-uwsgi socket fds > 2 (max_fd = 1048576)...
found fd 3 mapped to socket 0 (:8001)
running /usr/local/bin/uwsgi
[uWSGI] getting INI configuration from /etc/nginx/uwsgi.ini
*** Starting uWSGI 2.0.20 (64bit) on [Wed Sep  7 21:55:23 2022] ***
compiled with version: 10.2.1 20210110 on 06 September 2022 16:46:16
os: Linux-5.10.104-linuxkit #1 SMP Thu Mar 17 17:08:06 UTC 2022
nodename: back
machine: x86_64
clock source: unix
pcre jit disabled
detected number of CPU cores: 2
current working directory: /opt/app
detected binary path: /usr/local/bin/uwsgi
uWSGI running as root, you can use --uid/--gid/--chroot options
*** WARNING: you are running uWSGI as root !!! (use the --uid flag) *** 
your memory page size is 4096 bytes
detected max file descriptor number: 1048576
lock engine: pthread robust mutexes
thunder lock: disabled (you can enable it with --thunder-lock)
uwsgi socket 0 inherited INET address :8001 fd 3
uWSGI running as root, you can use --uid/--gid/--chroot options
*** WARNING: you are running uWSGI as root !!! (use the --uid flag) *** 
Python version: 3.10.6 (main, Aug 23 2022, 08:25:41) [GCC 10.2.1 20210110]
Python main interpreter initialized at 0x563a0555dd60
uWSGI running as root, you can use --uid/--gid/--chroot options
*** WARNING: you are running uWSGI as root !!! (use the --uid flag) *** 
python threads support enabled
your server socket listen backlog is limited to 100 connections
your mercy for graceful operations on workers is 60 seconds
mapped 218760 bytes (213 KB) for 2 cores
*** Operational MODE: preforking ***
WSGI app 0 (mountpoint='') ready in 0 seconds on interpreter 0x563a0555dd60 pid: 1 (default app)
uWSGI running as root, you can use --uid/--gid/--chroot options
*** WARNING: you are running uWSGI as root !!! (use the --uid flag) *** 
*** uWSGI is running in multiple interpreter mode ***
gracefully (RE)spawned uWSGI master process (pid: 1)
spawned uWSGI worker 1 (pid: 33, cores: 1)
spawned uWSGI worker 2 (pid: 35, cores: 1)
Python auto-reloader enabled
*** Starting uWSGI 2.0.20 (64bit) on [Wed Sep  7 21:56:38 2022] ***
compiled with version: 10.2.1 20210110 on 06 September 2022 16:46:16
os: Linux-5.10.104-linuxkit #1 SMP Thu Mar 17 17:08:06 UTC 2022
nodename: back
machine: x86_64
clock source: unix
pcre jit disabled
detected number of CPU cores: 2
current working directory: /opt/app
detected binary path: /usr/local/bin/uwsgi
uWSGI running as root, you can use --uid/--gid/--chroot options
*** WARNING: you are running uWSGI as root !!! (use the --uid flag) *** 
your memory page size is 4096 bytes
detected max file descriptor number: 1048576
lock engine: pthread robust mutexes
thunder lock: disabled (you can enable it with --thunder-lock)
uwsgi socket 0 bound to TCP address :8001 fd 3
uWSGI running as root, you can use --uid/--gid/--chroot options
*** WARNING: you are running uWSGI as root !!! (use the --uid flag) *** 
Python version: 3.10.6 (main, Aug 23 2022, 08:25:41) [GCC 10.2.1 20210110]
Python main interpreter initialized at 0x5602459a6e00
uWSGI running as root, you can use --uid/--gid/--chroot options
*** WARNING: you are running uWSGI as root !!! (use the --uid flag) *** 
python threads support enabled
your server socket listen backlog is limited to 100 connections
your mercy for graceful operations on workers is 60 seconds
mapped 218760 bytes (213 KB) for 2 cores
*** Operational MODE: preforking ***
WSGI app 0 (mountpoint='') ready in 1 seconds on interpreter 0x5602459a6e00 pid: 1 (default app)
uWSGI running as root, you can use --uid/--gid/--chroot options
*** WARNING: you are running uWSGI as root !!! (use the --uid flag) *** 
*** uWSGI is running in multiple interpreter mode ***
spawned uWSGI master process (pid: 1)
spawned uWSGI worker 1 (pid: 7, cores: 1)
spawned uWSGI worker 2 (pid: 9, cores: 1)
Python auto-reloader enabled
[pid: 9|app: 0|req: 1/1] 172.19.0.1 () {56 vars in 1025 bytes} [Wed Sep  7 21:57:16 2022] GET / => generated 10838 bytes in 34 msecs (HTTP/1.1 200) 6 headers in 209 bytes (1 switches on core 0)
Not Found: /favicon.ico
[pid: 9|app: 0|req: 2/2] 172.19.0.1 () {52 vars in 926 bytes} [Wed Sep  7 21:57:16 2022] GET /favicon.ico => generated 2110 bytes in 18 msecs (HTTP/1.1 404) 6 headers in 215 bytes (1 switches on core 0)
[pid: 9|app: 0|req: 3/3] 172.19.0.1 () {56 vars in 1025 bytes} [Wed Sep  7 21:57:17 2022] GET / => generated 10838 bytes in 4 msecs (HTTP/1.1 200) 6 headers in 209 bytes (1 switches on core 0)
[pid: 7|app: 0|req: 1/4] 172.19.0.1 () {56 vars in 1025 bytes} [Wed Sep  7 21:57:18 2022] GET / => generated 10838 bytes in 17 msecs (HTTP/1.1 200) 6 headers in 209 bytes (1 switches on core 0)
[pid: 9|app: 0|req: 4/5] 172.19.0.1 () {54 vars in 994 bytes} [Wed Sep  7 21:57:45 2022] GET / => generated 10838 bytes in 4 msecs (HTTP/1.1 200) 6 headers in 209 bytes (1 switches on core 0)
[pid: 9|app: 0|req: 5/6] 172.19.0.1 () {54 vars in 994 bytes} [Wed Sep  7 22:59:05 2022] GET / => generated 10838 bytes in 81 msecs (HTTP/1.1 200) 6 headers in 209 bytes (1 switches on core 0)
[uwsgi-python-reloader] module/file /opt/app/./config/urls.py has been modified
...gracefully killing workers...
Gracefully killing worker 1 (pid: 7)...
Gracefully killing worker 2 (pid: 9)...
[uwsgi-python-reloader] module/file /opt/app/./config/urls.py has been modified
worker 1 buried after 1 seconds
worker 2 buried after 1 seconds
binary reloading uWSGI...
chdir() to /opt/app
closing all non-uwsgi socket fds > 2 (max_fd = 1048576)...
found fd 3 mapped to socket 0 (:8001)
running /usr/local/bin/uwsgi
[uWSGI] getting INI configuration from /etc/nginx/uwsgi.ini
*** Starting uWSGI 2.0.20 (64bit) on [Wed Sep  7 23:48:21 2022] ***
compiled with version: 10.2.1 20210110 on 06 September 2022 16:46:16
os: Linux-5.10.104-linuxkit #1 SMP Thu Mar 17 17:08:06 UTC 2022
nodename: back
machine: x86_64
clock source: unix
pcre jit disabled
detected number of CPU cores: 2
current working directory: /opt/app
detected binary path: /usr/local/bin/uwsgi
uWSGI running as root, you can use --uid/--gid/--chroot options
*** WARNING: you are running uWSGI as root !!! (use the --uid flag) *** 
your memory page size is 4096 bytes
detected max file descriptor number: 1048576
lock engine: pthread robust mutexes
thunder lock: disabled (you can enable it with --thunder-lock)
uwsgi socket 0 inherited INET address :8001 fd 3
uWSGI running as root, you can use --uid/--gid/--chroot options
*** WARNING: you are running uWSGI as root !!! (use the --uid flag) *** 
Python version: 3.10.6 (main, Aug 23 2022, 08:25:41) [GCC 10.2.1 20210110]
Python main interpreter initialized at 0x55fe54c3ed90
uWSGI running as root, you can use --uid/--gid/--chroot options
*** WARNING: you are running uWSGI as root !!! (use the --uid flag) *** 
python threads support enabled
your server socket listen backlog is limited to 100 connections
your mercy for graceful operations on workers is 60 seconds
mapped 218760 bytes (213 KB) for 2 cores
*** Operational MODE: preforking ***
WSGI app 0 (mountpoint='') ready in 1 seconds on interpreter 0x55fe54c3ed90 pid: 1 (default app)
uWSGI running as root, you can use --uid/--gid/--chroot options
*** WARNING: you are running uWSGI as root !!! (use the --uid flag) *** 
*** uWSGI is running in multiple interpreter mode ***
gracefully (RE)spawned uWSGI master process (pid: 1)
spawned uWSGI worker 1 (pid: 11, cores: 1)
spawned uWSGI worker 2 (pid: 13, cores: 1)
Python auto-reloader enabled
...brutally killing workers...
worker 1 buried after 1 seconds
worker 2 buried after 1 seconds
binary reloading uWSGI...
chdir() to /opt/app
closing all non-uwsgi socket fds > 2 (max_fd = 1048576)...
found fd 3 mapped to socket 0 (:8001)
running /usr/local/bin/uwsgi
[uWSGI] getting INI configuration from /etc/nginx/uwsgi.ini
*** Starting uWSGI 2.0.20 (64bit) on [Fri Sep  9 23:51:37 2022] ***
compiled with version: 10.2.1 20210110 on 06 September 2022 16:46:16
os: Linux-5.10.104-linuxkit #1 SMP Thu Mar 17 17:08:06 UTC 2022
nodename: back
machine: x86_64
clock source: unix
pcre jit disabled
detected number of CPU cores: 2
current working directory: /opt/app
detected binary path: /usr/local/bin/uwsgi
uWSGI running as root, you can use --uid/--gid/--chroot options
*** WARNING: you are running uWSGI as root !!! (use the --uid flag) *** 
your memory page size is 4096 bytes
detected max file descriptor number: 1048576
lock engine: pthread robust mutexes
thunder lock: disabled (you can enable it with --thunder-lock)
uwsgi socket 0 inherited INET address :8001 fd 3
uWSGI running as root, you can use --uid/--gid/--chroot options
*** WARNING: you are running uWSGI as root !!! (use the --uid flag) *** 
Python version: 3.10.6 (main, Aug 23 2022, 08:25:41) [GCC 10.2.1 20210110]
Python main interpreter initialized at 0x556396b07d90
uWSGI running as root, you can use --uid/--gid/--chroot options
*** WARNING: you are running uWSGI as root !!! (use the --uid flag) *** 
python threads support enabled
your server socket listen backlog is limited to 100 connections
your mercy for graceful operations on workers is 60 seconds
mapped 218760 bytes (213 KB) for 2 cores
*** Operational MODE: preforking ***
WSGI app 0 (mountpoint='') ready in 1 seconds on interpreter 0x556396b07d90 pid: 1 (default app)
uWSGI running as root, you can use --uid/--gid/--chroot options
*** WARNING: you are running uWSGI as root !!! (use the --uid flag) *** 
*** uWSGI is running in multiple interpreter mode ***
gracefully (RE)spawned uWSGI master process (pid: 1)
spawned uWSGI worker 1 (pid: 15, cores: 1)
spawned uWSGI worker 2 (pid: 17, cores: 1)
Python auto-reloader enabled
*** Starting uWSGI 2.0.20 (64bit) on [Fri Sep  9 23:51:56 2022] ***
compiled with version: 10.2.1 20210110 on 06 September 2022 16:46:16
os: Linux-5.10.104-linuxkit #1 SMP Thu Mar 17 17:08:06 UTC 2022
nodename: back
machine: x86_64
clock source: unix
pcre jit disabled
detected number of CPU cores: 2
current working directory: /opt/app
detected binary path: /usr/local/bin/uwsgi
uWSGI running as root, you can use --uid/--gid/--chroot options
*** WARNING: you are running uWSGI as root !!! (use the --uid flag) *** 
your memory page size is 4096 bytes
detected max file descriptor number: 1048576
lock engine: pthread robust mutexes
thunder lock: disabled (you can enable it with --thunder-lock)
uwsgi socket 0 bound to TCP address :8001 fd 3
uWSGI running as root, you can use --uid/--gid/--chroot options
*** WARNING: you are running uWSGI as root !!! (use the --uid flag) *** 
Python version: 3.10.6 (main, Aug 23 2022, 08:25:41) [GCC 10.2.1 20210110]
Python main interpreter initialized at 0x55d29b502e00
uWSGI running as root, you can use --uid/--gid/--chroot options
*** WARNING: you are running uWSGI as root !!! (use the --uid flag) *** 
python threads support enabled
your server socket listen backlog is limited to 100 connections
your mercy for graceful operations on workers is 60 seconds
mapped 218760 bytes (213 KB) for 2 cores
*** Operational MODE: preforking ***
WSGI app 0 (mountpoint='') ready in 2 seconds on interpreter 0x55d29b502e00 pid: 1 (default app)
uWSGI running as root, you can use --uid/--gid/--chroot options
*** WARNING: you are running uWSGI as root !!! (use the --uid flag) *** 
*** uWSGI is running in multiple interpreter mode ***
spawned uWSGI master process (pid: 1)
spawned uWSGI worker 1 (pid: 7, cores: 1)
spawned uWSGI worker 2 (pid: 8, cores: 1)
Python auto-reloader enabled
...brutally killing workers...
worker 1 buried after 1 seconds
worker 2 buried after 1 seconds
binary reloading uWSGI...
chdir() to /opt/app
closing all non-uwsgi socket fds > 2 (max_fd = 1048576)...
found fd 3 mapped to socket 0 (:8001)
running /usr/local/bin/uwsgi
[uWSGI] getting INI configuration from /etc/nginx/uwsgi.ini
*** Starting uWSGI 2.0.20 (64bit) on [Fri Sep  9 23:54:29 2022] ***
compiled with version: 10.2.1 20210110 on 06 September 2022 16:46:16
os: Linux-5.10.104-linuxkit #1 SMP Thu Mar 17 17:08:06 UTC 2022
nodename: back
machine: x86_64
clock source: unix
pcre jit disabled
detected number of CPU cores: 2
current working directory: /opt/app
detected binary path: /usr/local/bin/uwsgi
uWSGI running as root, you can use --uid/--gid/--chroot options
*** WARNING: you are running uWSGI as root !!! (use the --uid flag) *** 
your memory page size is 4096 bytes
detected max file descriptor number: 1048576
lock engine: pthread robust mutexes
thunder lock: disabled (you can enable it with --thunder-lock)
uwsgi socket 0 inherited INET address :8001 fd 3
uWSGI running as root, you can use --uid/--gid/--chroot options
*** WARNING: you are running uWSGI as root !!! (use the --uid flag) *** 
Python version: 3.10.6 (main, Aug 23 2022, 08:25:41) [GCC 10.2.1 20210110]
Python main interpreter initialized at 0x55580aba8d90
uWSGI running as root, you can use --uid/--gid/--chroot options
*** WARNING: you are running uWSGI as root !!! (use the --uid flag) *** 
python threads support enabled
your server socket listen backlog is limited to 100 connections
your mercy for graceful operations on workers is 60 seconds
mapped 218760 bytes (213 KB) for 2 cores
*** Operational MODE: preforking ***
WSGI app 0 (mountpoint='') ready in 0 seconds on interpreter 0x55580aba8d90 pid: 1 (default app)
uWSGI running as root, you can use --uid/--gid/--chroot options
*** WARNING: you are running uWSGI as root !!! (use the --uid flag) *** 
*** uWSGI is running in multiple interpreter mode ***
gracefully (RE)spawned uWSGI master process (pid: 1)
spawned uWSGI worker 1 (pid: 11, cores: 1)
spawned uWSGI worker 2 (pid: 12, cores: 1)
Python auto-reloader enabled
*** Starting uWSGI 2.0.20 (64bit) on [Fri Sep  9 23:56:06 2022] ***
compiled with version: 10.2.1 20210110 on 06 September 2022 16:46:16
os: Linux-5.10.104-linuxkit #1 SMP Thu Mar 17 17:08:06 UTC 2022
nodename: back
machine: x86_64
clock source: unix
pcre jit disabled
detected number of CPU cores: 2
current working directory: /opt/app
detected binary path: /usr/local/bin/uwsgi
uWSGI running as root, you can use --uid/--gid/--chroot options
*** WARNING: you are running uWSGI as root !!! (use the --uid flag) *** 
your memory page size is 4096 bytes
detected max file descriptor number: 1048576
lock engine: pthread robust mutexes
thunder lock: disabled (you can enable it with --thunder-lock)
uwsgi socket 0 bound to TCP address :8001 fd 3
uWSGI running as root, you can use --uid/--gid/--chroot options
*** WARNING: you are running uWSGI as root !!! (use the --uid flag) *** 
Python version: 3.10.6 (main, Aug 23 2022, 08:25:41) [GCC 10.2.1 20210110]
Python main interpreter initialized at 0x557c591cee00
uWSGI running as root, you can use --uid/--gid/--chroot options
*** WARNING: you are running uWSGI as root !!! (use the --uid flag) *** 
python threads support enabled
your server socket listen backlog is limited to 100 connections
your mercy for graceful operations on workers is 60 seconds
mapped 218760 bytes (213 KB) for 2 cores
*** Operational MODE: preforking ***
WSGI app 0 (mountpoint='') ready in 2 seconds on interpreter 0x557c591cee00 pid: 1 (default app)
uWSGI running as root, you can use --uid/--gid/--chroot options
*** WARNING: you are running uWSGI as root !!! (use the --uid flag) *** 
*** uWSGI is running in multiple interpreter mode ***
spawned uWSGI master process (pid: 1)
spawned uWSGI worker 1 (pid: 7, cores: 1)
spawned uWSGI worker 2 (pid: 9, cores: 1)
Python auto-reloader enabled
...brutally killing workers...
worker 1 buried after 1 seconds
worker 2 buried after 1 seconds
binary reloading uWSGI...
chdir() to /opt/app
closing all non-uwsgi socket fds > 2 (max_fd = 1048576)...
found fd 3 mapped to socket 0 (:8001)
running /usr/local/bin/uwsgi
[uWSGI] getting INI configuration from /etc/nginx/uwsgi.ini
*** Starting uWSGI 2.0.20 (64bit) on [Sat Sep 10 00:03:13 2022] ***
compiled with version: 10.2.1 20210110 on 06 September 2022 16:46:16
os: Linux-5.10.104-linuxkit #1 SMP Thu Mar 17 17:08:06 UTC 2022
nodename: back
machine: x86_64
clock source: unix
pcre jit disabled
detected number of CPU cores: 2
current working directory: /opt/app
detected binary path: /usr/local/bin/uwsgi
uWSGI running as root, you can use --uid/--gid/--chroot options
*** WARNING: you are running uWSGI as root !!! (use the --uid flag) *** 
your memory page size is 4096 bytes
detected max file descriptor number: 1048576
lock engine: pthread robust mutexes
thunder lock: disabled (you can enable it with --thunder-lock)
uwsgi socket 0 inherited INET address :8001 fd 3
uWSGI running as root, you can use --uid/--gid/--chroot options
*** WARNING: you are running uWSGI as root !!! (use the --uid flag) *** 
Python version: 3.10.6 (main, Aug 23 2022, 08:25:41) [GCC 10.2.1 20210110]
Python main interpreter initialized at 0x557e274fcd90
uWSGI running as root, you can use --uid/--gid/--chroot options
*** WARNING: you are running uWSGI as root !!! (use the --uid flag) *** 
python threads support enabled
your server socket listen backlog is limited to 100 connections
your mercy for graceful operations on workers is 60 seconds
mapped 218760 bytes (213 KB) for 2 cores
*** Operational MODE: preforking ***
WSGI app 0 (mountpoint='') ready in 0 seconds on interpreter 0x557e274fcd90 pid: 1 (default app)
uWSGI running as root, you can use --uid/--gid/--chroot options
*** WARNING: you are running uWSGI as root !!! (use the --uid flag) *** 
*** uWSGI is running in multiple interpreter mode ***
gracefully (RE)spawned uWSGI master process (pid: 1)
spawned uWSGI worker 1 (pid: 11, cores: 1)
spawned uWSGI worker 2 (pid: 13, cores: 1)
Python auto-reloader enabled
*** Starting uWSGI 2.0.20 (64bit) on [Sat Sep 10 00:03:30 2022] ***
compiled with version: 10.2.1 20210110 on 06 September 2022 16:46:16
os: Linux-5.10.104-linuxkit #1 SMP Thu Mar 17 17:08:06 UTC 2022
nodename: back
machine: x86_64
clock source: unix
pcre jit disabled
detected number of CPU cores: 2
current working directory: /opt/app
detected binary path: /usr/local/bin/uwsgi
uWSGI running as root, you can use --uid/--gid/--chroot options
*** WARNING: you are running uWSGI as root !!! (use the --uid flag) *** 
your memory page size is 4096 bytes
detected max file descriptor number: 1048576
lock engine: pthread robust mutexes
thunder lock: disabled (you can enable it with --thunder-lock)
uwsgi socket 0 bound to TCP address :8001 fd 3
uWSGI running as root, you can use --uid/--gid/--chroot options
*** WARNING: you are running uWSGI as root !!! (use the --uid flag) *** 
Python version: 3.10.6 (main, Aug 23 2022, 08:25:41) [GCC 10.2.1 20210110]
Python main interpreter initialized at 0x557de8cb3e00
uWSGI running as root, you can use --uid/--gid/--chroot options
*** WARNING: you are running uWSGI as root !!! (use the --uid flag) *** 
python threads support enabled
your server socket listen backlog is limited to 100 connections
your mercy for graceful operations on workers is 60 seconds
mapped 218760 bytes (213 KB) for 2 cores
*** Operational MODE: preforking ***
WSGI app 0 (mountpoint='') ready in 1 seconds on interpreter 0x557de8cb3e00 pid: 1 (default app)
uWSGI running as root, you can use --uid/--gid/--chroot options
*** WARNING: you are running uWSGI as root !!! (use the --uid flag) *** 
*** uWSGI is running in multiple interpreter mode ***
spawned uWSGI master process (pid: 1)
spawned uWSGI worker 1 (pid: 6, cores: 1)
spawned uWSGI worker 2 (pid: 7, cores: 1)
Python auto-reloader enabled
...brutally killing workers...
worker 1 buried after 1 seconds
worker 2 buried after 1 seconds
binary reloading uWSGI...
chdir() to /opt/app
closing all non-uwsgi socket fds > 2 (max_fd = 1048576)...
found fd 3 mapped to socket 0 (:8001)
running /usr/local/bin/uwsgi
[uWSGI] getting INI configuration from /etc/nginx/uwsgi.ini
*** Starting uWSGI 2.0.20 (64bit) on [Sat Sep 10 00:29:18 2022] ***
compiled with version: 10.2.1 20210110 on 06 September 2022 16:46:16
os: Linux-5.10.104-linuxkit #1 SMP Thu Mar 17 17:08:06 UTC 2022
nodename: back
machine: x86_64
clock source: unix
pcre jit disabled
detected number of CPU cores: 2
current working directory: /opt/app
detected binary path: /usr/local/bin/uwsgi
uWSGI running as root, you can use --uid/--gid/--chroot options
*** WARNING: you are running uWSGI as root !!! (use the --uid flag) *** 
your memory page size is 4096 bytes
detected max file descriptor number: 1048576
lock engine: pthread robust mutexes
thunder lock: disabled (you can enable it with --thunder-lock)
uwsgi socket 0 inherited INET address :8001 fd 3
uWSGI running as root, you can use --uid/--gid/--chroot options
*** WARNING: you are running uWSGI as root !!! (use the --uid flag) *** 
Python version: 3.10.6 (main, Aug 23 2022, 08:25:41) [GCC 10.2.1 20210110]
Python main interpreter initialized at 0x560fbc426d90
uWSGI running as root, you can use --uid/--gid/--chroot options
*** WARNING: you are running uWSGI as root !!! (use the --uid flag) *** 
python threads support enabled
your server socket listen backlog is limited to 100 connections
your mercy for graceful operations on workers is 60 seconds
mapped 218760 bytes (213 KB) for 2 cores
*** Operational MODE: preforking ***
WSGI app 0 (mountpoint='') ready in 0 seconds on interpreter 0x560fbc426d90 pid: 1 (default app)
uWSGI running as root, you can use --uid/--gid/--chroot options
*** WARNING: you are running uWSGI as root !!! (use the --uid flag) *** 
*** uWSGI is running in multiple interpreter mode ***
gracefully (RE)spawned uWSGI master process (pid: 1)
spawned uWSGI worker 1 (pid: 33, cores: 1)
spawned uWSGI worker 2 (pid: 35, cores: 1)
Python auto-reloader enabled
*** Starting uWSGI 2.0.20 (64bit) on [Sat Sep 10 00:29:54 2022] ***
compiled with version: 10.2.1 20210110 on 06 September 2022 16:46:16
os: Linux-5.10.104-linuxkit #1 SMP Thu Mar 17 17:08:06 UTC 2022
nodename: back
machine: x86_64
clock source: unix
pcre jit disabled
detected number of CPU cores: 2
current working directory: /opt/app
detected binary path: /usr/local/bin/uwsgi
uWSGI running as root, you can use --uid/--gid/--chroot options
*** WARNING: you are running uWSGI as root !!! (use the --uid flag) *** 
your memory page size is 4096 bytes
detected max file descriptor number: 1048576
lock engine: pthread robust mutexes
thunder lock: disabled (you can enable it with --thunder-lock)
uwsgi socket 0 bound to TCP address :8001 fd 3
uWSGI running as root, you can use --uid/--gid/--chroot options
*** WARNING: you are running uWSGI as root !!! (use the --uid flag) *** 
Python version: 3.10.6 (main, Aug 23 2022, 08:25:41) [GCC 10.2.1 20210110]
Python main interpreter initialized at 0x55cd36988e00
uWSGI running as root, you can use --uid/--gid/--chroot options
*** WARNING: you are running uWSGI as root !!! (use the --uid flag) *** 
python threads support enabled
your server socket listen backlog is limited to 100 connections
your mercy for graceful operations on workers is 60 seconds
mapped 218760 bytes (213 KB) for 2 cores
*** Operational MODE: preforking ***
WSGI app 0 (mountpoint='') ready in 1 seconds on interpreter 0x55cd36988e00 pid: 1 (default app)
uWSGI running as root, you can use --uid/--gid/--chroot options
*** WARNING: you are running uWSGI as root !!! (use the --uid flag) *** 
*** uWSGI is running in multiple interpreter mode ***
spawned uWSGI master process (pid: 1)
spawned uWSGI worker 1 (pid: 7, cores: 1)
spawned uWSGI worker 2 (pid: 9, cores: 1)
Python auto-reloader enabled
...brutally killing workers...
worker 1 buried after 1 seconds
worker 2 buried after 1 seconds
binary reloading uWSGI...
chdir() to /opt/app
closing all non-uwsgi socket fds > 2 (max_fd = 1048576)...
found fd 3 mapped to socket 0 (:8001)
running /usr/local/bin/uwsgi
[uWSGI] getting INI configuration from /etc/nginx/uwsgi.ini
*** Starting uWSGI 2.0.20 (64bit) on [Sat Sep 10 00:46:23 2022] ***
compiled with version: 10.2.1 20210110 on 06 September 2022 16:46:16
os: Linux-5.10.104-linuxkit #1 SMP Thu Mar 17 17:08:06 UTC 2022
nodename: back
machine: x86_64
clock source: unix
pcre jit disabled
detected number of CPU cores: 2
current working directory: /opt/app
detected binary path: /usr/local/bin/uwsgi
uWSGI running as root, you can use --uid/--gid/--chroot options
*** WARNING: you are running uWSGI as root !!! (use the --uid flag) *** 
your memory page size is 4096 bytes
detected max file descriptor number: 1048576
lock engine: pthread robust mutexes
thunder lock: disabled (you can enable it with --thunder-lock)
uwsgi socket 0 inherited INET address :8001 fd 3
uWSGI running as root, you can use --uid/--gid/--chroot options
*** WARNING: you are running uWSGI as root !!! (use the --uid flag) *** 
Python version: 3.10.6 (main, Aug 23 2022, 08:25:41) [GCC 10.2.1 20210110]
Python main interpreter initialized at 0x5640b5777d90
uWSGI running as root, you can use --uid/--gid/--chroot options
*** WARNING: you are running uWSGI as root !!! (use the --uid flag) *** 
python threads support enabled
your server socket listen backlog is limited to 100 connections
your mercy for graceful operations on workers is 60 seconds
mapped 218760 bytes (213 KB) for 2 cores
*** Operational MODE: preforking ***
WSGI app 0 (mountpoint='') ready in 0 seconds on interpreter 0x5640b5777d90 pid: 1 (default app)
uWSGI running as root, you can use --uid/--gid/--chroot options
*** WARNING: you are running uWSGI as root !!! (use the --uid flag) *** 
*** uWSGI is running in multiple interpreter mode ***
gracefully (RE)spawned uWSGI master process (pid: 1)
spawned uWSGI worker 1 (pid: 27, cores: 1)
spawned uWSGI worker 2 (pid: 29, cores: 1)
Python auto-reloader enabled
*** Starting uWSGI 2.0.20 (64bit) on [Sat Sep 10 00:47:58 2022] ***
compiled with version: 10.2.1 20210110 on 06 September 2022 16:46:16
os: Linux-5.10.104-linuxkit #1 SMP Thu Mar 17 17:08:06 UTC 2022
nodename: back
machine: x86_64
clock source: unix
pcre jit disabled
detected number of CPU cores: 2
current working directory: /opt/app
detected binary path: /usr/local/bin/uwsgi
uWSGI running as root, you can use --uid/--gid/--chroot options
*** WARNING: you are running uWSGI as root !!! (use the --uid flag) *** 
your memory page size is 4096 bytes
detected max file descriptor number: 1048576
lock engine: pthread robust mutexes
thunder lock: disabled (you can enable it with --thunder-lock)
uwsgi socket 0 bound to TCP address :8001 fd 3
uWSGI running as root, you can use --uid/--gid/--chroot options
*** WARNING: you are running uWSGI as root !!! (use the --uid flag) *** 
Python version: 3.10.6 (main, Aug 23 2022, 08:25:41) [GCC 10.2.1 20210110]
Python main interpreter initialized at 0x55efe1af1e00
uWSGI running as root, you can use --uid/--gid/--chroot options
*** WARNING: you are running uWSGI as root !!! (use the --uid flag) *** 
python threads support enabled
your server socket listen backlog is limited to 100 connections
your mercy for graceful operations on workers is 60 seconds
mapped 218760 bytes (213 KB) for 2 cores
*** Operational MODE: preforking ***
WSGI app 0 (mountpoint='') ready in 1 seconds on interpreter 0x55efe1af1e00 pid: 1 (default app)
uWSGI running as root, you can use --uid/--gid/--chroot options
*** WARNING: you are running uWSGI as root !!! (use the --uid flag) *** 
*** uWSGI is running in multiple interpreter mode ***
spawned uWSGI master process (pid: 1)
spawned uWSGI worker 1 (pid: 7, cores: 1)
spawned uWSGI worker 2 (pid: 8, cores: 1)
Python auto-reloader enabled
Not Found: /
[pid: 8|app: 0|req: 1/1] 172.24.0.1 () {58 vars in 1132 bytes} [Sat Sep 10 00:48:05 2022] GET / => generated 2164 bytes in 243 msecs (HTTP/1.1 404) 6 headers in 215 bytes (1 switches on core 0)
Not Found: /
[pid: 7|app: 0|req: 1/2] 172.24.0.1 () {58 vars in 1132 bytes} [Sat Sep 10 00:48:07 2022] GET / => generated 2164 bytes in 93 msecs (HTTP/1.1 404) 6 headers in 215 bytes (1 switches on core 0)
Not Found: /
[pid: 7|app: 0|req: 2/3] 172.24.0.1 () {58 vars in 1132 bytes} [Sat Sep 10 00:48:07 2022] GET / => generated 2164 bytes in 10 msecs (HTTP/1.1 404) 6 headers in 215 bytes (1 switches on core 0)
[pid: 7|app: 0|req: 3/4] 172.24.0.1 () {56 vars in 1119 bytes} [Sat Sep 10 00:48:14 2022] GET /user/detail/ => generated 5184 bytes in 136 msecs (HTTP/1.1 200) 10 headers in 492 bytes (1 switches on core 0)
[pid: 8|app: 0|req: 2/5] 172.24.0.1 () {58 vars in 1106 bytes} [Sat Sep 10 00:51:25 2022] GET /user/detail/ => generated 5184 bytes in 38 msecs (HTTP/1.1 200) 9 headers in 393 bytes (1 switches on core 0)
[pid: 8|app: 0|req: 3/6] 172.24.0.1 () {58 vars in 1132 bytes} [Sat Sep 10 01:04:34 2022] GET /user/detail/ => generated 5184 bytes in 11 msecs (HTTP/1.1 200) 9 headers in 393 bytes (1 switches on core 0)
[pid: 7|app: 0|req: 4/7] 172.24.0.1 () {58 vars in 1155 bytes} [Sat Sep 10 01:04:38 2022] GET /user/detail/?format=json => generated 2 bytes in 8 msecs (HTTP/1.1 200) 8 headers in 246 bytes (1 switches on core 0)
